# JRE version: OpenJDK Runtime Environment Temurin-21.0.9+10 (21.0.9+10) (build 21.0.9+10-LTS)
# Java VM: OpenJDK 64-Bit Server VM Temurin-21.0.9+10 (21.0.9+10-LTS, mixed mode, sharing, tiered, compressed oops, compressed class ptrs, parallel gc, windows-amd64)
GC Precious Log:
 CardTable entry size: 512
 CPUs: 12 total, 12 available
 Memory: 7884M
 Large Page Support: Disabled
 NUMA Support: Disabled
 Compressed Oops: Enabled (32-bit)
 Alignments: Space 512K, Generation 512K, Heap 2M
 Heap Min Capacity: 100M
 Heap Initial Capacity: 100M
 Heap Max Capacity: 2G
 Pre-touch: Disabled
 Parallel Workers: 10
Heap:
 PSYoungGen      total 1024K, used 941K [0x00000000d5580000, 0x00000000d5880000, 0x0000000100000000)
  eden space 512K, 96% used [0x00000000d5580000,0x00000000d55fb660,0x00000000d5600000)
  from space 512K, 87% used [0x00000000d5600000,0x00000000d5670000,0x00000000d5680000)
  to   space 1024K, 0% used [0x00000000d5780000,0x00000000d5780000,0x00000000d5880000)
 ParOldGen       total 415232K, used 414966K [0x0000000080000000, 0x0000000099580000, 0x00000000d5580000)
  object space 415232K, 99% used [0x0000000080000000,0x000000009953db20,0x0000000099580000)
 Metaspace       used 60096K, committed 61504K, reserved 1114112K
  class space    used 6434K, committed 7104K, reserved 1048576K
GC Heap History (20 events):
Event: 1207.511 GC heap before
{Heap before GC invocations=533 (full 3):
 PSYoungGen      total 1536K, used 1127K [0x00000000d5580000, 0x00000000d5800000, 0x0000000100000000)
  eden space 512K, 100% used [0x00000000d5580000,0x00000000d5600000,0x00000000d5600000)
  from space 1024K, 60% used [0x00000000d5600000,0x00000000d5699fa0,0x00000000d5700000)
  to   space 1024K, 0% used [0x00000000d5700000,0x00000000d5700000,0x00000000d5800000)
 ParOldGen       total 409600K, used 409413K [0x0000000080000000, 0x0000000099000000, 0x00000000d5580000)
  object space 409600K, 99% used [0x0000000080000000,0x0000000098fd1670,0x0000000099000000)
 Metaspace       used 60072K, committed 61504K, reserved 1114112K
  class space    used 6434K, committed 7104K, reserved 1048576K
}
Event: 1207.528 GC heap after
{Heap after GC invocations=533 (full 3):
 PSYoungGen      total 1536K, used 672K [0x00000000d5580000, 0x00000000d5800000, 0x0000000100000000)
  eden space 512K, 0% used [0x00000000d5580000,0x00000000d5580000,0x00000000d5600000)
  from space 1024K, 65% used [0x00000000d5700000,0x00000000d57a8000,0x00000000d5800000)
  to   space 1024K, 0% used [0x00000000d5600000,0x00000000d5600000,0x00000000d5700000)
 ParOldGen       total 410112K, used 409945K [0x0000000080000000, 0x0000000099080000, 0x00000000d5580000)
  object space 410112K, 99% used [0x0000000080000000,0x0000000099056608,0x0000000099080000)
 Metaspace       used 60072K, committed 61504K, reserved 1114112K
  class space    used 6434K, committed 7104K, reserved 1048576K
}
Event: 1209.221 GC heap before
{Heap before GC invocations=534 (full 3):
 PSYoungGen      total 1536K, used 1184K [0x00000000d5580000, 0x00000000d5800000, 0x0000000100000000)
  eden space 512K, 100% used [0x00000000d5580000,0x00000000d5600000,0x00000000d5600000)
  from space 1024K, 65% used [0x00000000d5700000,0x00000000d57a8000,0x00000000d5800000)
  to   space 1024K, 0% used [0x00000000d5600000,0x00000000d5600000,0x00000000d5700000)
 ParOldGen       total 410112K, used 409945K [0x0000000080000000, 0x0000000099080000, 0x00000000d5580000)
  object space 410112K, 99% used [0x0000000080000000,0x0000000099056608,0x0000000099080000)
 Metaspace       used 60072K, committed 61504K, reserved 1114112K
  class space    used 6434K, committed 7104K, reserved 1048576K
}
Event: 1209.237 GC heap after
{Heap after GC invocations=534 (full 3):
 PSYoungGen      total 1536K, used 640K [0x00000000d5580000, 0x00000000d5800000, 0x0000000100000000)
  eden space 512K, 0% used [0x00000000d5580000,0x00000000d5580000,0x00000000d5600000)
  from space 1024K, 62% used [0x00000000d5600000,0x00000000d56a0000,0x00000000d5700000)
  to   space 1024K, 0% used [0x00000000d5700000,0x00000000d5700000,0x00000000d5800000)
 ParOldGen       total 410624K, used 410468K [0x0000000080000000, 0x0000000099100000, 0x00000000d5580000)
  object space 410624K, 99% used [0x0000000080000000,0x00000000990d90a8,0x0000000099100000)
 Metaspace       used 60072K, committed 61504K, reserved 1114112K
  class space    used 6434K, committed 7104K, reserved 1048576K
}
Event: 1214.816 GC heap before
{Heap before GC invocations=535 (full 3):
 PSYoungGen      total 1536K, used 1152K [0x00000000d5580000, 0x00000000d5800000, 0x0000000100000000)
  eden space 512K, 100% used [0x00000000d5580000,0x00000000d5600000,0x00000000d5600000)
  from space 1024K, 62% used [0x00000000d5600000,0x00000000d56a0000,0x00000000d5700000)
  to   space 1024K, 0% used [0x00000000d5700000,0x00000000d5700000,0x00000000d5800000)
 ParOldGen       total 410624K, used 410468K [0x0000000080000000, 0x0000000099100000, 0x00000000d5580000)
  object space 410624K, 99% used [0x0000000080000000,0x00000000990d90a8,0x0000000099100000)
 Metaspace       used 60078K, committed 61504K, reserved 1114112K
  class space    used 6434K, committed 7104K, reserved 1048576K
}
Event: 1214.832 GC heap after
{Heap after GC invocations=535 (full 3):
 PSYoungGen      total 1536K, used 608K [0x00000000d5580000, 0x00000000d5800000, 0x0000000100000000)
  eden space 512K, 0% used [0x00000000d5580000,0x00000000d5580000,0x00000000d5600000)
  from space 1024K, 59% used [0x00000000d5700000,0x00000000d5798000,0x00000000d5800000)
  to   space 1024K, 0% used [0x00000000d5600000,0x00000000d5600000,0x00000000d5700000)
 ParOldGen       total 411136K, used 410998K [0x0000000080000000, 0x0000000099180000, 0x00000000d5580000)
  object space 411136K, 99% used [0x0000000080000000,0x000000009915db20,0x0000000099180000)
 Metaspace       used 60078K, committed 61504K, reserved 1114112K
  class space    used 6434K, committed 7104K, reserved 1048576K
}
Event: 1218.522 GC heap before
{Heap before GC invocations=536 (full 3):
 PSYoungGen      total 1536K, used 1120K [0x00000000d5580000, 0x00000000d5800000, 0x0000000100000000)
  eden space 512K, 100% used [0x00000000d5580000,0x00000000d5600000,0x00000000d5600000)
  from space 1024K, 59% used [0x00000000d5700000,0x00000000d5798000,0x00000000d5800000)
  to   space 1024K, 0% used [0x00000000d5600000,0x00000000d5600000,0x00000000d5700000)
 ParOldGen       total 411136K, used 410998K [0x0000000080000000, 0x0000000099180000, 0x00000000d5580000)
  object space 411136K, 99% used [0x0000000080000000,0x000000009915db20,0x0000000099180000)
 Metaspace       used 60078K, committed 61504K, reserved 1114112K
  class space    used 6434K, committed 7104K, reserved 1048576K
}
Event: 1218.536 GC heap after
{Heap after GC invocations=536 (full 3):
 PSYoungGen      total 1536K, used 480K [0x00000000d5580000, 0x00000000d5800000, 0x0000000100000000)
  eden space 512K, 0% used [0x00000000d5580000,0x00000000d5580000,0x00000000d5600000)
  from space 1024K, 46% used [0x00000000d5600000,0x00000000d5678000,0x00000000d5700000)
  to   space 1024K, 0% used [0x00000000d5700000,0x00000000d5700000,0x00000000d5800000)
 ParOldGen       total 411648K, used 411470K [0x0000000080000000, 0x0000000099200000, 0x00000000d5580000)
  object space 411648K, 99% used [0x0000000080000000,0x00000000991d3b20,0x0000000099200000)
 Metaspace       used 60078K, committed 61504K, reserved 1114112K
  class space    used 6434K, committed 7104K, reserved 1048576K
}
Event: 1220.502 GC heap before
{Heap before GC invocations=537 (full 3):
 PSYoungGen      total 1536K, used 992K [0x00000000d5580000, 0x00000000d5800000, 0x0000000100000000)
  eden space 512K, 100% used [0x00000000d5580000,0x00000000d5600000,0x00000000d5600000)
  from space 1024K, 46% used [0x00000000d5600000,0x00000000d5678000,0x00000000d5700000)
  to   space 1024K, 0% used [0x00000000d5700000,0x00000000d5700000,0x00000000d5800000)
 ParOldGen       total 411648K, used 411470K [0x0000000080000000, 0x0000000099200000, 0x00000000d5580000)
  object space 411648K, 99% used [0x0000000080000000,0x00000000991d3b20,0x0000000099200000)
 Metaspace       used 60078K, committed 61504K, reserved 1114112K
  class space    used 6434K, committed 7104K, reserved 1048576K
}
Event: 1220.517 GC heap after
{Heap after GC invocations=537 (full 3):
 PSYoungGen      total 1536K, used 448K [0x00000000d5580000, 0x00000000d5780000, 0x0000000100000000)
  eden space 1024K, 0% used [0x00000000d5580000,0x00000000d5580000,0x00000000d5680000)
  from space 512K, 87% used [0x00000000d5700000,0x00000000d5770000,0x00000000d5780000)
  to   space 512K, 0% used [0x00000000d5680000,0x00000000d5680000,0x00000000d5700000)
 ParOldGen       total 412160K, used 411814K [0x0000000080000000, 0x0000000099280000, 0x00000000d5580000)
  object space 412160K, 99% used [0x0000000080000000,0x0000000099229b20,0x0000000099280000)
 Metaspace       used 60078K, committed 61504K, reserved 1114112K
  class space    used 6434K, committed 7104K, reserved 1048576K
}
Event: 1223.171 GC heap before
{Heap before GC invocations=538 (full 3):
 PSYoungGen      total 1536K, used 1471K [0x00000000d5580000, 0x00000000d5780000, 0x0000000100000000)
  eden space 1024K, 99% used [0x00000000d5580000,0x00000000d567fff8,0x00000000d5680000)
  from space 512K, 87% used [0x00000000d5700000,0x00000000d5770000,0x00000000d5780000)
  to   space 512K, 0% used [0x00000000d5680000,0x00000000d5680000,0x00000000d5700000)
 ParOldGen       total 412160K, used 411814K [0x0000000080000000, 0x0000000099280000, 0x00000000d5580000)
  object space 412160K, 99% used [0x0000000080000000,0x0000000099229b20,0x0000000099280000)
 Metaspace       used 60078K, committed 61504K, reserved 1114112K
  class space    used 6434K, committed 7104K, reserved 1048576K
}
Event: 1223.188 GC heap after
{Heap after GC invocations=538 (full 3):
 PSYoungGen      total 1536K, used 512K [0x00000000d5580000, 0x00000000d5980000, 0x0000000100000000)
  eden space 1024K, 0% used [0x00000000d5580000,0x00000000d5580000,0x00000000d5680000)
  from space 512K, 100% used [0x00000000d5680000,0x00000000d5700000,0x00000000d5700000)
  to   space 1536K, 0% used [0x00000000d5800000,0x00000000d5800000,0x00000000d5980000)
 ParOldGen       total 412672K, used 412278K [0x0000000080000000, 0x0000000099300000, 0x00000000d5580000)
  object space 412672K, 99% used [0x0000000080000000,0x000000009929db20,0x0000000099300000)
 Metaspace       used 60078K, committed 61504K, reserved 1114112K
  class space    used 6434K, committed 7104K, reserved 1048576K
}
Event: 1228.291 GC heap before
{Heap before GC invocations=539 (full 3):
 PSYoungGen      total 1536K, used 1536K [0x00000000d5580000, 0x00000000d5980000, 0x0000000100000000)
  eden space 1024K, 100% used [0x00000000d5580000,0x00000000d5680000,0x00000000d5680000)
  from space 512K, 100% used [0x00000000d5680000,0x00000000d5700000,0x00000000d5700000)
  to   space 1536K, 0% used [0x00000000d5800000,0x00000000d5800000,0x00000000d5980000)
 ParOldGen       total 412672K, used 412278K [0x0000000080000000, 0x0000000099300000, 0x00000000d5580000)
  object space 412672K, 99% used [0x0000000080000000,0x000000009929db20,0x0000000099300000)
 Metaspace       used 60078K, committed 61504K, reserved 1114112K
  class space    used 6434K, committed 7104K, reserved 1048576K
}
Event: 1228.312 GC heap after
{Heap after GC invocations=539 (full 3):
 PSYoungGen      total 2048K, used 704K [0x00000000d5580000, 0x00000000d5900000, 0x0000000100000000)
  eden space 1024K, 0% used [0x00000000d5580000,0x00000000d5580000,0x00000000d5680000)
  from space 1024K, 68% used [0x00000000d5800000,0x00000000d58b0000,0x00000000d5900000)
  to   space 1024K, 0% used [0x00000000d5700000,0x00000000d5700000,0x00000000d5800000)
 ParOldGen       total 413184K, used 412766K [0x0000000080000000, 0x0000000099380000, 0x00000000d5580000)
  object space 413184K, 99% used [0x0000000080000000,0x0000000099317b20,0x0000000099380000)
 Metaspace       used 60078K, committed 61504K, reserved 1114112K
  class space    used 6434K, committed 7104K, reserved 1048576K
}
Event: 1236.404 GC heap before
{Heap before GC invocations=540 (full 3):
 PSYoungGen      total 2048K, used 1728K [0x00000000d5580000, 0x00000000d5900000, 0x0000000100000000)
  eden space 1024K, 100% used [0x00000000d5580000,0x00000000d5680000,0x00000000d5680000)
  from space 1024K, 68% used [0x00000000d5800000,0x00000000d58b0000,0x00000000d5900000)
  to   space 1024K, 0% used [0x00000000d5700000,0x00000000d5700000,0x00000000d5800000)
 ParOldGen       total 413184K, used 412766K [0x0000000080000000, 0x0000000099380000, 0x00000000d5580000)
  object space 413184K, 99% used [0x0000000080000000,0x0000000099317b20,0x0000000099380000)
 Metaspace       used 60078K, committed 61504K, reserved 1114112K
  class space    used 6434K, committed 7104K, reserved 1048576K
}
Event: 1236.419 GC heap after
{Heap after GC invocations=540 (full 3):
 PSYoungGen      total 2048K, used 704K [0x00000000d5580000, 0x00000000d5880000, 0x0000000100000000)
  eden space 1024K, 0% used [0x00000000d5580000,0x00000000d5580000,0x00000000d5680000)
  from space 1024K, 68% used [0x00000000d5700000,0x00000000d57b0000,0x00000000d5800000)
  to   space 512K, 0% used [0x00000000d5800000,0x00000000d5800000,0x00000000d5880000)
 ParOldGen       total 413696K, used 413470K [0x0000000080000000, 0x0000000099400000, 0x00000000d5580000)
  object space 413696K, 99% used [0x0000000080000000,0x00000000993c7b20,0x0000000099400000)
 Metaspace       used 60078K, committed 61504K, reserved 1114112K
  class space    used 6434K, committed 7104K, reserved 1048576K
}
Event: 1259.773 GC heap before
{Heap before GC invocations=541 (full 3):
 PSYoungGen      total 2048K, used 1727K [0x00000000d5580000, 0x00000000d5880000, 0x0000000100000000)
  eden space 1024K, 99% used [0x00000000d5580000,0x00000000d567fff8,0x00000000d5680000)
  from space 1024K, 68% used [0x00000000d5700000,0x00000000d57b0000,0x00000000d5800000)
  to   space 512K, 0% used [0x00000000d5800000,0x00000000d5800000,0x00000000d5880000)
 ParOldGen       total 413696K, used 413470K [0x0000000080000000, 0x0000000099400000, 0x00000000d5580000)
  object space 413696K, 99% used [0x0000000080000000,0x00000000993c7b20,0x0000000099400000)
 Metaspace       used 60081K, committed 61504K, reserved 1114112K
  class space    used 6434K, committed 7104K, reserved 1048576K
}
Event: 1259.792 GC heap after
{Heap after GC invocations=541 (full 3):
 PSYoungGen      total 1024K, used 512K [0x00000000d5580000, 0x00000000d5a80000, 0x0000000100000000)
  eden space 512K, 0% used [0x00000000d5580000,0x00000000d5580000,0x00000000d5600000)
  from space 512K, 100% used [0x00000000d5800000,0x00000000d5880000,0x00000000d5880000)
  to   space 2048K, 0% used [0x00000000d5600000,0x00000000d5600000,0x00000000d5800000)
 ParOldGen       total 414720K, used 414446K [0x0000000080000000, 0x0000000099500000, 0x00000000d5580000)
  object space 414720K, 99% used [0x0000000080000000,0x00000000994bbb20,0x0000000099500000)
 Metaspace       used 60081K, committed 61504K, reserved 1114112K
  class space    used 6434K, committed 7104K, reserved 1048576K
}
Event: 1261.267 GC heap before
{Heap before GC invocations=542 (full 3):
 PSYoungGen      total 1024K, used 1024K [0x00000000d5580000, 0x00000000d5a80000, 0x0000000100000000)
  eden space 512K, 100% used [0x00000000d5580000,0x00000000d5600000,0x00000000d5600000)
  from space 512K, 100% used [0x00000000d5800000,0x00000000d5880000,0x00000000d5880000)
  to   space 2048K, 0% used [0x00000000d5600000,0x00000000d5600000,0x00000000d5800000)
 ParOldGen       total 414720K, used 414446K [0x0000000080000000, 0x0000000099500000, 0x00000000d5580000)
  object space 414720K, 99% used [0x0000000080000000,0x00000000994bbb20,0x0000000099500000)
 Metaspace       used 60086K, committed 61504K, reserved 1114112K
  class space    used 6434K, committed 7104K, reserved 1048576K
}
Event: 1261.285 GC heap after
{Heap after GC invocations=542 (full 3):
 PSYoungGen      total 1024K, used 448K [0x00000000d5580000, 0x00000000d5880000, 0x0000000100000000)
  eden space 512K, 0% used [0x00000000d5580000,0x00000000d5580000,0x00000000d5600000)
  from space 512K, 87% used [0x00000000d5600000,0x00000000d5670000,0x00000000d5680000)
  to   space 1024K, 0% used [0x00000000d5780000,0x00000000d5780000,0x00000000d5880000)
 ParOldGen       total 415232K, used 414966K [0x0000000080000000, 0x0000000099580000, 0x00000000d5580000)
  object space 415232K, 99% used [0x0000000080000000,0x000000009953db20,0x0000000099580000)
 Metaspace       used 60086K, committed 61504K, reserved 1114112K
  class space    used 6434K, committed 7104K, reserved 1048576K
}

