# JRE version: OpenJDK Runtime Environment Temurin-21.0.9+10 (21.0.9+10) (build 21.0.9+10-LTS)
# Java VM: OpenJDK 64-Bit Server VM Temurin-21.0.9+10 (21.0.9+10-LTS, mixed mode, sharing, tiered, compressed oops, compressed class ptrs, parallel gc, windows-amd64)
GC Precious Log:
 CardTable entry size: 512
 CPUs: 12 total, 12 available
 Memory: 7884M
 Large Page Support: Disabled
 NUMA Support: Disabled
 Compressed Oops: Enabled (32-bit)
 Alignments: Space 512K, Generation 512K, Heap 2M
 Heap Min Capacity: 100M
 Heap Initial Capacity: 100M
 Heap Max Capacity: 2G
 Pre-touch: Disabled
 Parallel Workers: 10
Heap:
 PSYoungGen      total 2048K, used 1161K [0x00000000d5580000, 0x00000000d5880000, 0x0000000100000000)
  eden space 1536K, 69% used [0x00000000d5580000,0x00000000d568a4a0,0x00000000d5700000)
  from space 512K, 18% used [0x00000000d5800000,0x00000000d5818000,0x00000000d5880000)
  to   space 512K, 0% used [0x00000000d5780000,0x00000000d5780000,0x00000000d5800000)
 ParOldGen       total 465408K, used 465107K [0x0000000080000000, 0x000000009c680000, 0x00000000d5580000)
  object space 465408K, 99% used [0x0000000080000000,0x000000009c634f78,0x000000009c680000)
 Metaspace       used 71934K, committed 73408K, reserved 1114112K
  class space    used 7716K, committed 8384K, reserved 1048576K
GC Heap History (20 events):
Event: 3890.915 GC heap before
{Heap before GC invocations=388 (full 3):
 PSYoungGen      total 2048K, used 1760K [0x00000000d5580000, 0x00000000d5880000, 0x0000000100000000)
  eden space 1536K, 100% used [0x00000000d5580000,0x00000000d5700000,0x00000000d5700000)
  from space 512K, 43% used [0x00000000d5800000,0x00000000d5838000,0x00000000d5880000)
  to   space 512K, 0% used [0x00000000d5780000,0x00000000d5780000,0x00000000d5800000)
 ParOldGen       total 464384K, used 463960K [0x0000000080000000, 0x000000009c580000, 0x00000000d5580000)
  object space 464384K, 99% used [0x0000000080000000,0x000000009c516320,0x000000009c580000)
 Metaspace       used 71721K, committed 73216K, reserved 1114112K
  class space    used 7715K, committed 8384K, reserved 1048576K
}
Event: 3890.918 GC heap after
{Heap after GC invocations=388 (full 3):
 PSYoungGen      total 2048K, used 192K [0x00000000d5580000, 0x00000000d5880000, 0x0000000100000000)
  eden space 1536K, 0% used [0x00000000d5580000,0x00000000d5580000,0x00000000d5700000)
  from space 512K, 37% used [0x00000000d5780000,0x00000000d57b0000,0x00000000d5800000)
  to   space 512K, 0% used [0x00000000d5800000,0x00000000d5800000,0x00000000d5880000)
 ParOldGen       total 464384K, used 463968K [0x0000000080000000, 0x000000009c580000, 0x00000000d5580000)
  object space 464384K, 99% used [0x0000000080000000,0x000000009c518320,0x000000009c580000)
 Metaspace       used 71721K, committed 73216K, reserved 1114112K
  class space    used 7715K, committed 8384K, reserved 1048576K
}
Event: 3891.646 GC heap before
{Heap before GC invocations=389 (full 3):
 PSYoungGen      total 2048K, used 1728K [0x00000000d5580000, 0x00000000d5880000, 0x0000000100000000)
  eden space 1536K, 100% used [0x00000000d5580000,0x00000000d5700000,0x00000000d5700000)
  from space 512K, 37% used [0x00000000d5780000,0x00000000d57b0000,0x00000000d5800000)
  to   space 512K, 0% used [0x00000000d5800000,0x00000000d5800000,0x00000000d5880000)
 ParOldGen       total 464384K, used 463968K [0x0000000080000000, 0x000000009c580000, 0x00000000d5580000)
  object space 464384K, 99% used [0x0000000080000000,0x000000009c518320,0x000000009c580000)
 Metaspace       used 71726K, committed 73216K, reserved 1114112K
  class space    used 7715K, committed 8384K, reserved 1048576K
}
Event: 3891.648 GC heap after
{Heap after GC invocations=389 (full 3):
 PSYoungGen      total 2048K, used 224K [0x00000000d5580000, 0x00000000d5880000, 0x0000000100000000)
  eden space 1536K, 0% used [0x00000000d5580000,0x00000000d5580000,0x00000000d5700000)
  from space 512K, 43% used [0x00000000d5800000,0x00000000d5838000,0x00000000d5880000)
  to   space 512K, 0% used [0x00000000d5780000,0x00000000d5780000,0x00000000d5800000)
 ParOldGen       total 464384K, used 463992K [0x0000000080000000, 0x000000009c580000, 0x00000000d5580000)
  object space 464384K, 99% used [0x0000000080000000,0x000000009c51e320,0x000000009c580000)
 Metaspace       used 71726K, committed 73216K, reserved 1114112K
  class space    used 7715K, committed 8384K, reserved 1048576K
}
Event: 3892.928 GC heap before
{Heap before GC invocations=390 (full 3):
 PSYoungGen      total 2048K, used 1760K [0x00000000d5580000, 0x00000000d5880000, 0x0000000100000000)
  eden space 1536K, 100% used [0x00000000d5580000,0x00000000d5700000,0x00000000d5700000)
  from space 512K, 43% used [0x00000000d5800000,0x00000000d5838000,0x00000000d5880000)
  to   space 512K, 0% used [0x00000000d5780000,0x00000000d5780000,0x00000000d5800000)
 ParOldGen       total 464384K, used 463992K [0x0000000080000000, 0x000000009c580000, 0x00000000d5580000)
  object space 464384K, 99% used [0x0000000080000000,0x000000009c51e320,0x000000009c580000)
 Metaspace       used 71737K, committed 73280K, reserved 1114112K
  class space    used 7715K, committed 8384K, reserved 1048576K
}
Event: 3892.930 GC heap after
{Heap after GC invocations=390 (full 3):
 PSYoungGen      total 2048K, used 128K [0x00000000d5580000, 0x00000000d5880000, 0x0000000100000000)
  eden space 1536K, 0% used [0x00000000d5580000,0x00000000d5580000,0x00000000d5700000)
  from space 512K, 25% used [0x00000000d5780000,0x00000000d57a0000,0x00000000d5800000)
  to   space 512K, 0% used [0x00000000d5800000,0x00000000d5800000,0x00000000d5880000)
 ParOldGen       total 464384K, used 464016K [0x0000000080000000, 0x000000009c580000, 0x00000000d5580000)
  object space 464384K, 99% used [0x0000000080000000,0x000000009c524320,0x000000009c580000)
 Metaspace       used 71737K, committed 73280K, reserved 1114112K
  class space    used 7715K, committed 8384K, reserved 1048576K
}
Event: 3894.378 GC heap before
{Heap before GC invocations=391 (full 3):
 PSYoungGen      total 2048K, used 1664K [0x00000000d5580000, 0x00000000d5880000, 0x0000000100000000)
  eden space 1536K, 100% used [0x00000000d5580000,0x00000000d5700000,0x00000000d5700000)
  from space 512K, 25% used [0x00000000d5780000,0x00000000d57a0000,0x00000000d5800000)
  to   space 512K, 0% used [0x00000000d5800000,0x00000000d5800000,0x00000000d5880000)
 ParOldGen       total 464384K, used 464016K [0x0000000080000000, 0x000000009c580000, 0x00000000d5580000)
  object space 464384K, 99% used [0x0000000080000000,0x000000009c524320,0x000000009c580000)
 Metaspace       used 71748K, committed 73280K, reserved 1114112K
  class space    used 7715K, committed 8384K, reserved 1048576K
}
Event: 3894.379 GC heap after
{Heap after GC invocations=391 (full 3):
 PSYoungGen      total 2048K, used 192K [0x00000000d5580000, 0x00000000d5880000, 0x0000000100000000)
  eden space 1536K, 0% used [0x00000000d5580000,0x00000000d5580000,0x00000000d5700000)
  from space 512K, 37% used [0x00000000d5800000,0x00000000d5830000,0x00000000d5880000)
  to   space 512K, 0% used [0x00000000d5780000,0x00000000d5780000,0x00000000d5800000)
 ParOldGen       total 464384K, used 464032K [0x0000000080000000, 0x000000009c580000, 0x00000000d5580000)
  object space 464384K, 99% used [0x0000000080000000,0x000000009c528320,0x000000009c580000)
 Metaspace       used 71748K, committed 73280K, reserved 1114112K
  class space    used 7715K, committed 8384K, reserved 1048576K
}
Event: 3896.075 GC heap before
{Heap before GC invocations=392 (full 3):
 PSYoungGen      total 2048K, used 1728K [0x00000000d5580000, 0x00000000d5880000, 0x0000000100000000)
  eden space 1536K, 100% used [0x00000000d5580000,0x00000000d5700000,0x00000000d5700000)
  from space 512K, 37% used [0x00000000d5800000,0x00000000d5830000,0x00000000d5880000)
  to   space 512K, 0% used [0x00000000d5780000,0x00000000d5780000,0x00000000d5800000)
 ParOldGen       total 464384K, used 464032K [0x0000000080000000, 0x000000009c580000, 0x00000000d5580000)
  object space 464384K, 99% used [0x0000000080000000,0x000000009c528320,0x000000009c580000)
 Metaspace       used 71755K, committed 73280K, reserved 1114112K
  class space    used 7715K, committed 8384K, reserved 1048576K
}
Event: 3896.077 GC heap after
{Heap after GC invocations=392 (full 3):
 PSYoungGen      total 2048K, used 192K [0x00000000d5580000, 0x00000000d5880000, 0x0000000100000000)
  eden space 1536K, 0% used [0x00000000d5580000,0x00000000d5580000,0x00000000d5700000)
  from space 512K, 37% used [0x00000000d5780000,0x00000000d57b0000,0x00000000d5800000)
  to   space 512K, 0% used [0x00000000d5800000,0x00000000d5800000,0x00000000d5880000)
 ParOldGen       total 464384K, used 464040K [0x0000000080000000, 0x000000009c580000, 0x00000000d5580000)
  object space 464384K, 99% used [0x0000000080000000,0x000000009c52a320,0x000000009c580000)
 Metaspace       used 71755K, committed 73280K, reserved 1114112K
  class space    used 7715K, committed 8384K, reserved 1048576K
}
Event: 7180.221 GC heap before
{Heap before GC invocations=393 (full 3):
 PSYoungGen      total 2048K, used 1728K [0x00000000d5580000, 0x00000000d5880000, 0x0000000100000000)
  eden space 1536K, 100% used [0x00000000d5580000,0x00000000d5700000,0x00000000d5700000)
  from space 512K, 37% used [0x00000000d5780000,0x00000000d57b0000,0x00000000d5800000)
  to   space 512K, 0% used [0x00000000d5800000,0x00000000d5800000,0x00000000d5880000)
 ParOldGen       total 464384K, used 464040K [0x0000000080000000, 0x000000009c580000, 0x00000000d5580000)
  object space 464384K, 99% used [0x0000000080000000,0x000000009c52a320,0x000000009c580000)
 Metaspace       used 71769K, committed 73280K, reserved 1114112K
  class space    used 7716K, committed 8384K, reserved 1048576K
}
Event: 7180.451 GC heap after
{Heap after GC invocations=393 (full 3):
 PSYoungGen      total 2048K, used 288K [0x00000000d5580000, 0x00000000d5880000, 0x0000000100000000)
  eden space 1536K, 0% used [0x00000000d5580000,0x00000000d5580000,0x00000000d5700000)
  from space 512K, 56% used [0x00000000d5800000,0x00000000d5848000,0x00000000d5880000)
  to   space 512K, 0% used [0x00000000d5780000,0x00000000d5780000,0x00000000d5800000)
 ParOldGen       total 464384K, used 464040K [0x0000000080000000, 0x000000009c580000, 0x00000000d5580000)
  object space 464384K, 99% used [0x0000000080000000,0x000000009c52a320,0x000000009c580000)
 Metaspace       used 71769K, committed 73280K, reserved 1114112K
  class space    used 7716K, committed 8384K, reserved 1048576K
}
Event: 49920.781 GC heap before
{Heap before GC invocations=394 (full 3):
 PSYoungGen      total 2048K, used 1823K [0x00000000d5580000, 0x00000000d5880000, 0x0000000100000000)
  eden space 1536K, 99% used [0x00000000d5580000,0x00000000d56ffff8,0x00000000d5700000)
  from space 512K, 56% used [0x00000000d5800000,0x00000000d5848000,0x00000000d5880000)
  to   space 512K, 0% used [0x00000000d5780000,0x00000000d5780000,0x00000000d5800000)
 ParOldGen       total 464384K, used 464040K [0x0000000080000000, 0x000000009c580000, 0x00000000d5580000)
  object space 464384K, 99% used [0x0000000080000000,0x000000009c52a320,0x000000009c580000)
 Metaspace       used 71792K, committed 73280K, reserved 1114112K
  class space    used 7716K, committed 8384K, reserved 1048576K
}
Event: 49921.062 GC heap after
{Heap after GC invocations=394 (full 3):
 PSYoungGen      total 2048K, used 352K [0x00000000d5580000, 0x00000000d5880000, 0x0000000100000000)
  eden space 1536K, 0% used [0x00000000d5580000,0x00000000d5580000,0x00000000d5700000)
  from space 512K, 68% used [0x00000000d5780000,0x00000000d57d8020,0x00000000d5800000)
  to   space 512K, 0% used [0x00000000d5800000,0x00000000d5800000,0x00000000d5880000)
 ParOldGen       total 464384K, used 464104K [0x0000000080000000, 0x000000009c580000, 0x00000000d5580000)
  object space 464384K, 99% used [0x0000000080000000,0x000000009c53a320,0x000000009c580000)
 Metaspace       used 71792K, committed 73280K, reserved 1114112K
  class space    used 7716K, committed 8384K, reserved 1048576K
}
Event: 49922.421 GC heap before
{Heap before GC invocations=395 (full 3):
 PSYoungGen      total 2048K, used 1888K [0x00000000d5580000, 0x00000000d5880000, 0x0000000100000000)
  eden space 1536K, 100% used [0x00000000d5580000,0x00000000d5700000,0x00000000d5700000)
  from space 512K, 68% used [0x00000000d5780000,0x00000000d57d8020,0x00000000d5800000)
  to   space 512K, 0% used [0x00000000d5800000,0x00000000d5800000,0x00000000d5880000)
 ParOldGen       total 464384K, used 464104K [0x0000000080000000, 0x000000009c580000, 0x00000000d5580000)
  object space 464384K, 99% used [0x0000000080000000,0x000000009c53a320,0x000000009c580000)
 Metaspace       used 71855K, committed 73344K, reserved 1114112K
  class space    used 7716K, committed 8384K, reserved 1048576K
}
Event: 49922.426 GC heap after
{Heap after GC invocations=395 (full 3):
 PSYoungGen      total 2048K, used 512K [0x00000000d5580000, 0x00000000d5900000, 0x0000000100000000)
  eden space 1536K, 0% used [0x00000000d5580000,0x00000000d5580000,0x00000000d5700000)
  from space 512K, 100% used [0x00000000d5800000,0x00000000d5880000,0x00000000d5880000)
  to   space 1024K, 0% used [0x00000000d5700000,0x00000000d5700000,0x00000000d5800000)
 ParOldGen       total 464896K, used 464442K [0x0000000080000000, 0x000000009c600000, 0x00000000d5580000)
  object space 464896K, 99% used [0x0000000080000000,0x000000009c58ea50,0x000000009c600000)
 Metaspace       used 71855K, committed 73344K, reserved 1114112K
  class space    used 7716K, committed 8384K, reserved 1048576K
}
Event: 49923.588 GC heap before
{Heap before GC invocations=396 (full 3):
 PSYoungGen      total 2048K, used 2047K [0x00000000d5580000, 0x00000000d5900000, 0x0000000100000000)
  eden space 1536K, 99% used [0x00000000d5580000,0x00000000d56ffff8,0x00000000d5700000)
  from space 512K, 100% used [0x00000000d5800000,0x00000000d5880000,0x00000000d5880000)
  to   space 1024K, 0% used [0x00000000d5700000,0x00000000d5700000,0x00000000d5800000)
 ParOldGen       total 464896K, used 464442K [0x0000000080000000, 0x000000009c600000, 0x00000000d5580000)
  object space 464896K, 99% used [0x0000000080000000,0x000000009c58ea50,0x000000009c600000)
 Metaspace       used 71895K, committed 73344K, reserved 1114112K
  class space    used 7716K, committed 8384K, reserved 1048576K
}
Event: 49923.602 GC heap after
{Heap after GC invocations=396 (full 3):
 PSYoungGen      total 2560K, used 448K [0x00000000d5580000, 0x00000000d5900000, 0x0000000100000000)
  eden space 1536K, 0% used [0x00000000d5580000,0x00000000d5580000,0x00000000d5700000)
  from space 1024K, 43% used [0x00000000d5700000,0x00000000d5770000,0x00000000d5800000)
  to   space 1024K, 0% used [0x00000000d5800000,0x00000000d5800000,0x00000000d5900000)
 ParOldGen       total 464896K, used 464874K [0x0000000080000000, 0x000000009c600000, 0x00000000d5580000)
  object space 464896K, 99% used [0x0000000080000000,0x000000009c5faa50,0x000000009c600000)
 Metaspace       used 71895K, committed 73344K, reserved 1114112K
  class space    used 7716K, committed 8384K, reserved 1048576K
}
Event: 49923.744 GC heap before
{Heap before GC invocations=397 (full 3):
 PSYoungGen      total 2560K, used 1984K [0x00000000d5580000, 0x00000000d5900000, 0x0000000100000000)
  eden space 1536K, 100% used [0x00000000d5580000,0x00000000d5700000,0x00000000d5700000)
  from space 1024K, 43% used [0x00000000d5700000,0x00000000d5770000,0x00000000d5800000)
  to   space 1024K, 0% used [0x00000000d5800000,0x00000000d5800000,0x00000000d5900000)
 ParOldGen       total 464896K, used 464874K [0x0000000080000000, 0x000000009c600000, 0x00000000d5580000)
  object space 464896K, 99% used [0x0000000080000000,0x000000009c5faa50,0x000000009c600000)
 Metaspace       used 71911K, committed 73408K, reserved 1114112K
  class space    used 7716K, committed 8384K, reserved 1048576K
}
Event: 49923.747 GC heap after
{Heap after GC invocations=397 (full 3):
 PSYoungGen      total 2048K, used 96K [0x00000000d5580000, 0x00000000d5880000, 0x0000000100000000)
  eden space 1536K, 0% used [0x00000000d5580000,0x00000000d5580000,0x00000000d5700000)
  from space 512K, 18% used [0x00000000d5800000,0x00000000d5818000,0x00000000d5880000)
  to   space 512K, 0% used [0x00000000d5780000,0x00000000d5780000,0x00000000d5800000)
 ParOldGen       total 465408K, used 465107K [0x0000000080000000, 0x000000009c680000, 0x00000000d5580000)
  object space 465408K, 99% used [0x0000000080000000,0x000000009c634f78,0x000000009c680000)
 Metaspace       used 71911K, committed 73408K, reserved 1114112K
  class space    used 7716K, committed 8384K, reserved 1048576K
}

